<?xml version="1.0" encoding="UTF-8"?>
<testng-results ignored="0" total="2" passed="2" failed="0" skipped="0">
  <reporter-output>
  </reporter-output>
  <suite started-at="2023-11-25T23:19:27 ART" name="Surefire suite" finished-at="2023-11-25T23:20:34 ART" duration-ms="67017">
    <groups>
      <group name="cucumber">
        <method signature="AbstractTestNGCucumberTests.runScenario(io.cucumber.testng.PickleWrapper,io.cucumber.testng.FeatureWrapper)[pri:0, instance:tests.RunCucumberTest@3c419631]" name="runScenario" class="io.cucumber.testng.AbstractTestNGCucumberTests"/>
      </group> <!-- cucumber -->
    </groups>
    <test started-at="2023-11-25T23:19:27 ART" name="Surefire test" finished-at="2023-11-25T23:20:34 ART" duration-ms="67017">
      <class name="tests.RunCucumberTest">
        <test-method is-config="true" signature="setUpClass(org.testng.ITestContext)[pri:0, instance:tests.RunCucumberTest@3c419631]" started-at="2023-11-25T23:19:27 ART" name="setUpClass" finished-at="2023-11-25T23:19:28 ART" duration-ms="449" status="PASS">
          <params>
            <param index="0">
              <value>
                <![CDATA[org.testng.TestRunner@1ec9bd38]]>
              </value>
            </param>
          </params>
          <reporter-output>
          </reporter-output>
        </test-method> <!-- setUpClass -->
        <test-method signature="runScenario(io.cucumber.testng.PickleWrapper,io.cucumber.testng.FeatureWrapper)[pri:0, instance:tests.RunCucumberTest@3c419631]" started-at="2023-11-25T23:19:28 ART" name="runScenario" description="Runs Cucumber Scenarios" data-provider="scenarios" finished-at="2023-11-25T23:20:34 ART" duration-ms="66464" status="PASS">
          <params>
            <param index="0">
              <value>
                <![CDATA["User Login - Successful"]]>
              </value>
            </param>
            <param index="1">
              <value>
                <![CDATA["User Login"]]>
              </value>
            </param>
          </params>
          <reporter-output>
          </reporter-output>
        </test-method> <!-- runScenario -->
        <test-method signature="runScenario(io.cucumber.testng.PickleWrapper,io.cucumber.testng.FeatureWrapper)[pri:0, instance:tests.RunCucumberTest@3c419631]" started-at="2023-11-25T23:19:28 ART" name="runScenario" description="Runs Cucumber Scenarios" data-provider="scenarios" finished-at="2023-11-25T23:20:19 ART" duration-ms="51189" status="PASS">
          <params>
            <param index="0">
              <value>
                <![CDATA["User Login - Successful"]]>
              </value>
            </param>
            <param index="1">
              <value>
                <![CDATA["User Login"]]>
              </value>
            </param>
          </params>
          <reporter-output>
          </reporter-output>
        </test-method> <!-- runScenario -->
        <test-method is-config="true" signature="tearDownClass()[pri:0, instance:tests.RunCucumberTest@3c419631]" started-at="2023-11-25T23:20:34 ART" name="tearDownClass" finished-at="2023-11-25T23:20:34 ART" duration-ms="9" status="PASS">
          <reporter-output>
          </reporter-output>
        </test-method> <!-- tearDownClass -->
      </class> <!-- tests.RunCucumberTest -->
    </test> <!-- Surefire test -->
  </suite> <!-- Surefire suite -->
</testng-results>
